\BOOKMARK [0][-]{chapter.1}{\376\377\137\025\212\000}{}% 1
\BOOKMARK [0][-]{chapter.2}{\376\377\200\314\146\157\167\345\213\306}{}% 2
\BOOKMARK [1][-]{section.2.1}{\376\377\123\117\124\014\217\307\156\344\166\204\226\220\124\021\221\317\145\271\154\325}{chapter.2}% 3
\BOOKMARK [1][-]{section.2.2}{\376\377\131\004\164\006\226\220\137\017\123\315\231\210\145\160\143\156\166\204\226\220\124\021\221\317\145\271\154\325}{chapter.2}% 4
\BOOKMARK [1][-]{section.2.3}{\376\377\226\220\124\021\221\317\122\006\211\343\166\204\151\202\163\207\211\343\221\312}{chapter.2}% 5
\BOOKMARK [0][-]{chapter.3}{\376\377\000E\000x\000p\000o\000M\000F\152\041\127\213}{}% 6
\BOOKMARK [1][-]{section.3.1}{\376\377\152\041\127\213\143\317\217\360}{chapter.3}% 7
\BOOKMARK [1][-]{section.3.2}{\376\377\116\072\146\335\121\111\136\246\136\372\152\041}{chapter.3}% 8
\BOOKMARK [1][-]{section.3.3}{\376\377\152\041\127\213\143\250\145\255}{chapter.3}% 9
\BOOKMARK [2][-]{subsection.3.3.1}{\376\377\165\050\000E\000M\145\271\154\325\143\250\145\255\226\220\124\021\221\317\000u\000,\000i}{section.3.3}% 10
\BOOKMARK [2][-]{subsection.3.3.2}{\376\377\133\371\121\110\232\214\117\060\213\241\000u\000i\166\204\143\250\145\255}{section.3.3}% 11
\BOOKMARK [2][-]{subsection.3.3.3}{\376\377\143\250\145\255\173\227\154\325\166\204\140\073\176\323}{section.3.3}% 12
\BOOKMARK [1][-]{section.3.4}{\376\377\230\204\155\113}{chapter.3}% 13
\BOOKMARK [0][-]{chapter.4}{\376\377\133\236\232\214}{}% 14
\BOOKMARK [1][-]{section.4.1}{\376\377\145\160\143\156\226\306}{chapter.4}% 15
\BOOKMARK [1][-]{section.4.2}{\376\377\122\035\153\145}{chapter.4}% 16
\BOOKMARK [2][-]{subsection.4.2.1}{\376\377\133\236\232\214\140\035\215\357}{section.4.2}% 17
\BOOKMARK [2][-]{subsection.4.2.2}{\376\377\123\302\161\147}{section.4.2}% 18
\BOOKMARK [2][-]{subsection.4.2.3}{\376\377\213\304\116\367\150\007\121\306}{section.4.2}% 19
\BOOKMARK [1][-]{section.4.3}{\376\377\127\050\000S\000t\000e\000a\000m\145\160\143\156\116\012\155\113\213\325\000\040\000E\000x\000p\000o\000M\000F\000\040\000w\000i\000t\000h\000\040\000P\000e\000r\000-\000I\000t\000e\000m}{chapter.4}% 20
\BOOKMARK [1][-]{section.4.4}{\376\377\127\050\000T\000P\000S\145\160\143\156\116\012\155\113\213\325\000E\000x\000p\000o\000M\000F\000\040\000w\000i\000t\000h\000\040\000c\000o\000n\000f\000i\000d\000e\000n\000c\000e}{chapter.4}% 21
\BOOKMARK [1][-]{section.4.5}{\376\377\127\050\000M\000o\000v\000i\000e\000l\000e\000n\000s\145\160\143\156\116\012\155\113\213\325\000E\000x\000p\000o\000M\000F\000\040\000w\000i\000t\000h\000\040\000c\000o\000v\000a\000r\000i\000a\000t\000e\000s}{chapter.4}% 22
\BOOKMARK [0][-]{chapter.5}{\376\377\176\323\213\272}{}% 23
